Performing C SOURCE FILE Test CMAKE_HAVE_LIBC_PTHREAD failed with the following output:
Change Dir: /home/oem/Documents/AcsProjects/word_count2/cmake-build-release/CMakeFiles/CMakeTmp

Run Build Command(s):/usr/bin/make cmTC_2f173/fast && /usr/bin/make -f CMakeFiles/cmTC_2f173.dir/build.make CMakeFiles/cmTC_2f173.dir/build
make[1]: Entering directory '/home/oem/Documents/AcsProjects/word_count2/cmake-build-release/CMakeFiles/CMakeTmp'
Building C object CMakeFiles/cmTC_2f173.dir/src.c.o
/usr/bin/cc   -DCMAKE_HAVE_LIBC_PTHREAD   -o CMakeFiles/cmTC_2f173.dir/src.c.o   -c /home/oem/Documents/AcsProjects/word_count2/cmake-build-release/CMakeFiles/CMakeTmp/src.c
Linking C executable cmTC_2f173
/home/oem/.local/share/JetBrains/Toolbox/apps/CLion/ch-0/201.7223.86/bin/cmake/linux/bin/cmake -E cmake_link_script CMakeFiles/cmTC_2f173.dir/link.txt --verbose=1
/usr/bin/cc  -DCMAKE_HAVE_LIBC_PTHREAD    CMakeFiles/cmTC_2f173.dir/src.c.o  -o cmTC_2f173 
/usr/bin/ld: CMakeFiles/cmTC_2f173.dir/src.c.o: in function `main':
src.c:(.text+0x46): undefined reference to `pthread_create'
/usr/bin/ld: src.c:(.text+0x52): undefined reference to `pthread_detach'
/usr/bin/ld: src.c:(.text+0x63): undefined reference to `pthread_join'
collect2: error: ld returned 1 exit status
make[1]: *** [CMakeFiles/cmTC_2f173.dir/build.make:87: cmTC_2f173] Error 1
make[1]: Leaving directory '/home/oem/Documents/AcsProjects/word_count2/cmake-build-release/CMakeFiles/CMakeTmp'
make: *** [Makefile:121: cmTC_2f173/fast] Error 2


Source file was:
#include <pthread.h>

void* test_func(void* data)
{
  return data;
}

int main(void)
{
  pthread_t thread;
  pthread_create(&thread, NULL, test_func, NULL);
  pthread_detach(thread);
  pthread_join(thread, NULL);
  pthread_atfork(NULL, NULL, NULL);
  pthread_exit(NULL);

  return 0;
}

Determining if the function pthread_create exists in the pthreads failed with the following output:
Change Dir: /home/oem/Documents/AcsProjects/word_count2/cmake-build-release/CMakeFiles/CMakeTmp

Run Build Command(s):/usr/bin/make cmTC_451d7/fast && /usr/bin/make -f CMakeFiles/cmTC_451d7.dir/build.make CMakeFiles/cmTC_451d7.dir/build
make[1]: Entering directory '/home/oem/Documents/AcsProjects/word_count2/cmake-build-release/CMakeFiles/CMakeTmp'
Building C object CMakeFiles/cmTC_451d7.dir/CheckFunctionExists.c.o
/usr/bin/cc   -DCHECK_FUNCTION_EXISTS=pthread_create   -o CMakeFiles/cmTC_451d7.dir/CheckFunctionExists.c.o   -c /home/oem/.local/share/JetBrains/Toolbox/apps/CLion/ch-0/201.7223.86/bin/cmake/linux/share/cmake-3.16/Modules/CheckFunctionExists.c
Linking C executable cmTC_451d7
/home/oem/.local/share/JetBrains/Toolbox/apps/CLion/ch-0/201.7223.86/bin/cmake/linux/bin/cmake -E cmake_link_script CMakeFiles/cmTC_451d7.dir/link.txt --verbose=1
/usr/bin/cc  -DCHECK_FUNCTION_EXISTS=pthread_create    CMakeFiles/cmTC_451d7.dir/CheckFunctionExists.c.o  -o cmTC_451d7  -lpthreads 
/usr/bin/ld: cannot find -lpthreads
collect2: error: ld returned 1 exit status
make[1]: *** [CMakeFiles/cmTC_451d7.dir/build.make:87: cmTC_451d7] Error 1
make[1]: Leaving directory '/home/oem/Documents/AcsProjects/word_count2/cmake-build-release/CMakeFiles/CMakeTmp'
make: *** [Makefile:121: cmTC_451d7/fast] Error 2



